Build started 7/7/2015 12:41:06 PM.
     1>Project "c:\Users\srihars\documents\visual studio 2013\Projects\SRM187DIV2L3 new\SRM187DIV2L3 new\SRM187DIV2L3 new.vcxproj" on node 2 (Build target(s)).
     1>ClCompile:
         C:\Program Files (x86)\Microsoft Visual Studio 12.0\VC\bin\CL.exe /c /ZI /nologo /W3 /WX- /Od /Oy- /D WIN32 /D _DEBUG /D _CONSOLE /D _LIB /D _UNICODE /D UNICODE /Gm /EHsc /RTC1 /MDd /GS /fp:precise /Zc:wchar_t /Zc:forScope /Fo"Debug\\" /Fd"Debug\vc120.pdb" /Gd /TP /analyze- /errorReport:prompt Source.cpp
         Source.cpp
     1>c:\users\srihars\documents\visual studio 2013\projects\srm187div2l3 new\srm187div2l3 new\source.cpp(12): warning C4018: '<' : signed/unsigned mismatch
     1>c:\users\srihars\documents\visual studio 2013\projects\srm187div2l3 new\srm187div2l3 new\source.cpp(24): warning C4018: '<' : signed/unsigned mismatch
       Link:
         C:\Program Files (x86)\Microsoft Visual Studio 12.0\VC\bin\link.exe /ERRORREPORT:PROMPT /OUT:"c:\users\srihars\documents\visual studio 2013\Projects\SRM187DIV2L3 new\Debug\SRM187DIV2L3 new.exe" /INCREMENTAL /NOLOGO kernel32.lib user32.lib gdi32.lib winspool.lib comdlg32.lib advapi32.lib shell32.lib ole32.lib oleaut32.lib uuid.lib odbc32.lib odbccp32.lib /MANIFEST /MANIFESTUAC:"level='asInvoker' uiAccess='false'" /manifest:embed /DEBUG /PDB:"c:\users\srihars\documents\visual studio 2013\Projects\SRM187DIV2L3 new\Debug\SRM187DIV2L3 new.pdb" /SUBSYSTEM:CONSOLE /TLBID:1 /DYNAMICBASE /NXCOMPAT /IMPLIB:"c:\users\srihars\documents\visual studio 2013\Projects\SRM187DIV2L3 new\Debug\SRM187DIV2L3 new.lib" /MACHINE:X86 Debug\Source.obj
     1>MSVCRTD.lib(crtexe.obj) : error LNK2019: unresolved external symbol _main referenced in function ___tmainCRTStartup
     1>c:\users\srihars\documents\visual studio 2013\Projects\SRM187DIV2L3 new\Debug\SRM187DIV2L3 new.exe : fatal error LNK1120: 1 unresolved externals
     1>Done Building Project "c:\Users\srihars\documents\visual studio 2013\Projects\SRM187DIV2L3 new\SRM187DIV2L3 new\SRM187DIV2L3 new.vcxproj" (Build target(s)) -- FAILED.

Build FAILED.

Time Elapsed 00:00:01.17
